  TemplateContainer.cpp
c:\program files (x86)\microsoft visual studio\2017\community\vc\tools\msvc\14.12.25827\include\algorithm(3017): error C3892: _First: невозможно присваивать значения переменной, которая объявлена как константа
  c:\program files (x86)\microsoft visual studio\2017\community\vc\tools\msvc\14.12.25827\include\algorithm(3201): note: выполняется компиляция ссылки на экземпляр шаблон функции "void std::_Insertion_sort_unchecked<_RanIt,_Pr>(_BidIt,_BidIt,_Pr)"
          with
          [
              _RanIt=customIterator<int>,
              _Pr=std::less<void>,
              _BidIt=customIterator<int>
          ]
  c:\program files (x86)\microsoft visual studio\2017\community\vc\tools\msvc\14.12.25827\include\algorithm(3212): note: выполняется компиляция ссылки на экземпляр шаблон функции "void std::_Sort_unchecked<_Iter,customIterator<TData>::difference_type,_Fn>(_RanIt,_RanIt,_Diff,_Pr)"
          with
          [
              _Iter=customIterator<int>,
              TData=int,
              _Fn=std::less<void>,
              _RanIt=customIterator<int>,
              _Diff=customIterator<int>::difference_type,
              _Pr=std::less<void>
          ]
  c:\program files (x86)\microsoft visual studio\2017\community\vc\tools\msvc\14.12.25827\include\algorithm(3218): note: выполняется компиляция ссылки на экземпляр шаблон функции "void std::sort<_RanIt,std::less<void>>(_RanIt,_RanIt,_Pr)"
          with
          [
              _RanIt=customIterator<int>,
              _Pr=std::less<void>
          ]
  e:\prog\gitreps\tc\templatecontainer\templatecontainer\templatecontainer\templatecontainer.cpp(32): note: выполняется компиляция ссылки на экземпляр шаблон функции "void std::sort<_InIt>(_RanIt,_RanIt)"
          with
          [
              _InIt=customIterator<int>,
              _RanIt=customIterator<int>
          ]
c:\program files (x86)\microsoft visual studio\2017\community\vc\tools\msvc\14.12.25827\include\algorithm(3025): error C3892: _Next1: невозможно присваивать значения переменной, которая объявлена как константа
c:\program files (x86)\microsoft visual studio\2017\community\vc\tools\msvc\14.12.25827\include\algorithm(3028): error C3892: _Next1: невозможно присваивать значения переменной, которая объявлена как константа
